0 info it worked if it ends with ok
1 verbose cli [ 'C:\\Program Files\\nodejs\\\\node.exe',
1 verbose cli   'C:\\Program Files\\nodejs\\node_modules\\npm\\bin\\npm-cli.js',
1 verbose cli   'install',
1 verbose cli   'help' ]
2 info using npm@1.4.28
3 info using node@v0.10.35
4 verbose node symlink C:\Program Files\nodejs\\node.exe
5 verbose readDependencies using package.json deps
6 verbose cache add [ 'help', null ]
7 verbose cache add name=undefined spec="help" args=["help",null]
8 verbose parsed url { protocol: null,
8 verbose parsed url   slashes: null,
8 verbose parsed url   auth: null,
8 verbose parsed url   host: null,
8 verbose parsed url   port: null,
8 verbose parsed url   hostname: null,
8 verbose parsed url   hash: null,
8 verbose parsed url   search: null,
8 verbose parsed url   query: null,
8 verbose parsed url   pathname: 'help',
8 verbose parsed url   path: 'help',
8 verbose parsed url   href: 'help' }
9 silly lockFile 92005ecf-help help
10 verbose lock help D:\Users\f5016937.DF\AppData\Roaming\npm-cache\92005ecf-help.lock
11 silly lockFile 92005ecf-help help
12 silly lockFile 92005ecf-help help
13 verbose addNamed [ 'help', '' ]
14 verbose addNamed [ null, '*' ]
15 silly lockFile 239bc30d-help help@
16 verbose lock help@ D:\Users\f5016937.DF\AppData\Roaming\npm-cache\239bc30d-help.lock
17 silly addNameRange { name: 'help', range: '*', hasData: false }
18 verbose request where is /help
19 verbose request registry https://registry.npmjs.org/
20 verbose request id ed3473dd7442a896
21 verbose url raw /help
22 verbose url resolving [ 'https://registry.npmjs.org/', './help' ]
23 verbose url resolved https://registry.npmjs.org/help
24 verbose request where is https://registry.npmjs.org/help
25 info trying registry request attempt 1 at 13:50:49
26 verbose etag "4HMFRB7B572SXGHKGVR5PKZDM"
27 http GET https://registry.npmjs.org/help
28 http 404 https://registry.npmjs.org/help
29 silly registry.get cb [ 404,
29 silly registry.get   { date: 'Wed, 18 Mar 2015 12:49:36 GMT',
29 silly registry.get     server: 'CouchDB/1.5.0 (Erlang OTP/R16B03)',
29 silly registry.get     etag: '"671R8I4ZGXYJZXRKVHWI7I6MF"',
29 silly registry.get     'content-type': 'application/json',
29 silly registry.get     'cache-control': 'max-age=0',
29 silly registry.get     'content-length': '524',
29 silly registry.get     'accept-ranges': 'bytes',
29 silly registry.get     via: '1.1 varnish',
29 silly registry.get     age: '0',
29 silly registry.get     'x-served-by': 'cache-lcy1133-LCY',
29 silly registry.get     'x-cache': 'MISS',
29 silly registry.get     'x-cache-hits': '0',
29 silly registry.get     'x-timer': 'S1426682976.390332,VS0,VE92',
29 silly registry.get     vary: 'Accept',
29 silly registry.get     'keep-alive': 'timeout=10, max=50',
29 silly registry.get     connection: 'Keep-Alive' } ]
30 silly lockFile 239bc30d-help help@
31 silly lockFile 239bc30d-help help@
32 error 404 Not Found
32 error 404
32 error 404 'help' is not in the npm registry.
32 error 404 You should bug the author to publish it
32 error 404 It was specified as a dependency of 'UG5K-Serv'
32 error 404
32 error 404 Note that you can also install from a
32 error 404 tarball, folder, or http url, or git url.
33 error System Windows_NT 6.1.7601
34 error command "C:\\Program Files\\nodejs\\\\node.exe" "C:\\Program Files\\nodejs\\node_modules\\npm\\bin\\npm-cli.js" "install" "help"
35 error cwd D:\Proyectos\Ulises G 5000 2X\UG5K-Serv
36 error node -v v0.10.35
37 error npm -v 1.4.28
38 error code E404
39 verbose exit [ 1, true ]
